Performing C SOURCE FILE Test CMAKE_HAVE_LIBC_PTHREAD failed with the following output:
Change Dir: /home/mtbase/catkin_ws/build/CMakeFiles/CMakeTmp

Run Build Command(s):/usr/bin/make cmTC_1c9fb/fast && /usr/bin/make -f CMakeFiles/cmTC_1c9fb.dir/build.make CMakeFiles/cmTC_1c9fb.dir/build
make[1]: Entering directory '/home/mtbase/catkin_ws/build/CMakeFiles/CMakeTmp'
Building C object CMakeFiles/cmTC_1c9fb.dir/src.c.o
/usr/bin/cc   -DCMAKE_HAVE_LIBC_PTHREAD   -o CMakeFiles/cmTC_1c9fb.dir/src.c.o   -c /home/mtbase/catkin_ws/build/CMakeFiles/CMakeTmp/src.c
Linking C executable cmTC_1c9fb
/usr/bin/cmake -E cmake_link_script CMakeFiles/cmTC_1c9fb.dir/link.txt --verbose=1
/usr/bin/cc  -DCMAKE_HAVE_LIBC_PTHREAD    -rdynamic CMakeFiles/cmTC_1c9fb.dir/src.c.o  -o cmTC_1c9fb 
/usr/bin/ld: CMakeFiles/cmTC_1c9fb.dir/src.c.o: in function `main':
src.c:(.text+0x46): undefined reference to `pthread_create'
/usr/bin/ld: src.c:(.text+0x52): undefined reference to `pthread_detach'
/usr/bin/ld: src.c:(.text+0x63): undefined reference to `pthread_join'
collect2: error: ld returned 1 exit status
make[1]: *** [CMakeFiles/cmTC_1c9fb.dir/build.make:87: cmTC_1c9fb] Error 1
make[1]: Leaving directory '/home/mtbase/catkin_ws/build/CMakeFiles/CMakeTmp'
make: *** [Makefile:121: cmTC_1c9fb/fast] Error 2


Source file was:
#include <pthread.h>

void* test_func(void* data)
{
  return data;
}

int main(void)
{
  pthread_t thread;
  pthread_create(&thread, NULL, test_func, NULL);
  pthread_detach(thread);
  pthread_join(thread, NULL);
  pthread_atfork(NULL, NULL, NULL);
  pthread_exit(NULL);

  return 0;
}

Determining if the function pthread_create exists in the pthreads failed with the following output:
Change Dir: /home/mtbase/catkin_ws/build/CMakeFiles/CMakeTmp

Run Build Command(s):/usr/bin/make cmTC_36410/fast && /usr/bin/make -f CMakeFiles/cmTC_36410.dir/build.make CMakeFiles/cmTC_36410.dir/build
make[1]: Entering directory '/home/mtbase/catkin_ws/build/CMakeFiles/CMakeTmp'
Building C object CMakeFiles/cmTC_36410.dir/CheckFunctionExists.c.o
/usr/bin/cc   -DCHECK_FUNCTION_EXISTS=pthread_create   -o CMakeFiles/cmTC_36410.dir/CheckFunctionExists.c.o   -c /usr/share/cmake-3.16/Modules/CheckFunctionExists.c
Linking C executable cmTC_36410
/usr/bin/cmake -E cmake_link_script CMakeFiles/cmTC_36410.dir/link.txt --verbose=1
/usr/bin/cc  -DCHECK_FUNCTION_EXISTS=pthread_create    -rdynamic CMakeFiles/cmTC_36410.dir/CheckFunctionExists.c.o  -o cmTC_36410  -lpthreads 
/usr/bin/ld: cannot find -lpthreads
collect2: error: ld returned 1 exit status
make[1]: *** [CMakeFiles/cmTC_36410.dir/build.make:87: cmTC_36410] Error 1
make[1]: Leaving directory '/home/mtbase/catkin_ws/build/CMakeFiles/CMakeTmp'
make: *** [Makefile:121: cmTC_36410/fast] Error 2



Determining if the function sgemm_ exists failed with the following output:
Change Dir: /home/mtbase/catkin_ws/build/CMakeFiles/CMakeTmp

Run Build Command(s):/usr/bin/make cmTC_77765/fast && /usr/bin/make -f CMakeFiles/cmTC_77765.dir/build.make CMakeFiles/cmTC_77765.dir/build
make[1]: Entering directory '/home/mtbase/catkin_ws/build/CMakeFiles/CMakeTmp'
Building C object CMakeFiles/cmTC_77765.dir/CheckFunctionExists.c.o
/usr/bin/cc   -DCHECK_FUNCTION_EXISTS=sgemm_   -o CMakeFiles/cmTC_77765.dir/CheckFunctionExists.c.o   -c /usr/share/cmake-3.16/Modules/CheckFunctionExists.c
Linking C executable cmTC_77765
/usr/bin/cmake -E cmake_link_script CMakeFiles/cmTC_77765.dir/link.txt --verbose=1
/usr/bin/cc  -DCHECK_FUNCTION_EXISTS=sgemm_    CMakeFiles/cmTC_77765.dir/CheckFunctionExists.c.o  -o cmTC_77765 
/usr/bin/ld: CMakeFiles/cmTC_77765.dir/CheckFunctionExists.c.o: in function `main':
CheckFunctionExists.c:(.text+0x14): undefined reference to `sgemm_'
collect2: error: ld returned 1 exit status
make[1]: *** [CMakeFiles/cmTC_77765.dir/build.make:87: cmTC_77765] Error 1
make[1]: Leaving directory '/home/mtbase/catkin_ws/build/CMakeFiles/CMakeTmp'
make: *** [Makefile:121: cmTC_77765/fast] Error 2



